<?xml version="1.0" encoding="utf-8" standalone="no"?>
<!--This file represents the results of running a test suite-->
<test-results name="C:\build\sidi-util_Debug\Sidi.Util.Test.dll" total="21" errors="0" failures="0" not-run="0" inconclusive="0" ignored="0" skipped="0" invalid="0" date="2010-10-27" time="11:30:04">
  <environment nunit-version="2.5.8.10295" clr-version="2.0.50727.3615" os-version="Microsoft Windows NT 5.1.2600 Service Pack 3" platform="Win32NT" cwd="C:\build\sidi-util_Debug" machine-name="AG" user="Andreas" user-domain="AG" />
  <culture-info current-culture="de-DE" current-uiculture="de-DE" />
  <test-suite type="Assembly" name="C:\build\sidi-util_Debug\Sidi.Util.Test.dll" executed="True" result="Success" success="True" time="0.050" asserts="0">
    <results>
      <test-suite type="Namespace" name="Sidi" executed="True" result="Success" success="True" time="0.050" asserts="0">
        <results>
          <test-suite type="Namespace" name="CommandLine" executed="True" result="Success" success="True" time="0.050" asserts="0">
            <results>
              <test-suite type="TestFixture" name="ParserTest" executed="True" result="Success" success="True" time="0.050" asserts="0">
                <results>
                  <test-case name="Sidi.CommandLine.ParserTest.Ambiguous" executed="True" result="Success" success="True" time="0.000" asserts="0" />
                  <test-case name="Sidi.CommandLine.ParserTest.Ambiguous2" executed="True" result="Success" success="True" time="0.000" asserts="0" />
                  <test-case name="Sidi.CommandLine.ParserTest.ArgList" executed="True" result="Success" success="True" time="0.000" asserts="0" />
                  <test-case name="Sidi.CommandLine.ParserTest.DateTimeArg" executed="True" result="Success" success="True" time="0.000" asserts="1" />
                  <test-case name="Sidi.CommandLine.ParserTest.Enum" executed="True" result="Success" success="True" time="0.010" asserts="4" />
                  <test-case name="Sidi.CommandLine.ParserTest.FuzzySearch" executed="True" result="Success" success="True" time="0.010" asserts="4" />
                  <test-case name="Sidi.CommandLine.ParserTest.Help" executed="True" result="Success" success="True" time="0.000" asserts="0" />
                  <test-case name="Sidi.CommandLine.ParserTest.Info" executed="True" result="Success" success="True" time="0.000" asserts="1" />
                  <test-case name="Sidi.CommandLine.ParserTest.IsMatch" executed="True" result="Success" success="True" time="0.000" asserts="7" />
                  <test-case name="Sidi.CommandLine.ParserTest.List" executed="True" result="Success" success="True" time="0.000" asserts="0" />
                  <test-case name="Sidi.CommandLine.ParserTest.List2" executed="True" result="Success" success="True" time="0.000" asserts="0" />
                  <test-case name="Sidi.CommandLine.ParserTest.MultiCommand" executed="True" result="Success" success="True" time="0.000" asserts="0" />
                  <test-case name="Sidi.CommandLine.ParserTest.NotEnoughParameters" executed="True" result="Success" success="True" time="0.000" asserts="0" />
                  <test-case name="Sidi.CommandLine.ParserTest.NotUnique" executed="True" result="Success" success="True" time="0.000" asserts="0" />
                  <test-case name="Sidi.CommandLine.ParserTest.Preferences" executed="True" result="Success" success="True" time="0.010" asserts="2" />
                  <test-case name="Sidi.CommandLine.ParserTest.ShowMultiLineUsage" executed="True" result="Success" success="True" time="0.000" asserts="0" />
                  <test-case name="Sidi.CommandLine.ParserTest.ShowUsage" executed="True" result="Success" success="True" time="0.000" asserts="2" />
                  <test-case name="Sidi.CommandLine.ParserTest.TestAssertion" executed="True" result="Success" success="True" time="0.010" asserts="4" />
                  <test-case name="Sidi.CommandLine.ParserTest.TestDescription" executed="True" result="Success" success="True" time="0.000" asserts="1" />
                  <test-case name="Sidi.CommandLine.ParserTest.TestGui" executed="True" result="Success" success="True" time="0.010" asserts="0" />
                  <test-case name="Sidi.CommandLine.ParserTest.WrongParameterCountMessage" executed="True" result="Success" success="True" time="0.000" asserts="1" />
                </results>
              </test-suite>
            </results>
          </test-suite>
        </results>
      </test-suite>
    </results>
  </test-suite>
</test-results>